{"/Users/igorgrammatchikov/Desktop/frontend-project-lvl2/src/index.js": {"path":"/Users/igorgrammatchikov/Desktop/frontend-project-lvl2/src/index.js","all":false,"statementMap":{"0":{"start":{"line":1,"column":0},"end":{"line":1,"column":24}},"1":{"start":{"line":2,"column":0},"end":{"line":2,"column":20}},"2":{"start":{"line":3,"column":0},"end":{"line":3,"column":33}},"3":{"start":{"line":4,"column":0},"end":{"line":4,"column":41}},"4":{"start":{"line":5,"column":0},"end":{"line":5,"column":35}},"5":{"start":{"line":6,"column":0},"end":{"line":6,"column":0}},"6":{"start":{"line":7,"column":0},"end":{"line":7,"column":72}},"7":{"start":{"line":8,"column":0},"end":{"line":8,"column":68}},"8":{"start":{"line":9,"column":0},"end":{"line":9,"column":97}},"9":{"start":{"line":10,"column":0},"end":{"line":10,"column":0}},"10":{"start":{"line":11,"column":0},"end":{"line":11,"column":43}},"11":{"start":{"line":12,"column":0},"end":{"line":12,"column":47}},"12":{"start":{"line":13,"column":0},"end":{"line":13,"column":47}},"13":{"start":{"line":14,"column":0},"end":{"line":14,"column":0}},"14":{"start":{"line":15,"column":0},"end":{"line":15,"column":39}},"15":{"start":{"line":16,"column":0},"end":{"line":16,"column":39}},"16":{"start":{"line":17,"column":0},"end":{"line":17,"column":0}},"17":{"start":{"line":18,"column":0},"end":{"line":18,"column":39}},"18":{"start":{"line":19,"column":0},"end":{"line":19,"column":23}},"19":{"start":{"line":20,"column":0},"end":{"line":20,"column":2}},"20":{"start":{"line":21,"column":0},"end":{"line":21,"column":23}}},"s":{"0":1,"1":1,"2":1,"3":1,"4":1,"5":1,"6":1,"7":1,"8":1,"9":1,"10":1,"11":1,"12":1,"13":1,"14":1,"15":1,"16":1,"17":1,"18":1,"19":1,"20":1},"branchMap":{"0":{"type":"branch","line":7,"loc":{"start":{"line":7,"column":21},"end":{"line":7,"column":71}},"locations":[{"start":{"line":7,"column":21},"end":{"line":7,"column":71}}]},"1":{"type":"branch","line":8,"loc":{"start":{"line":8,"column":23},"end":{"line":8,"column":67}},"locations":[{"start":{"line":8,"column":23},"end":{"line":8,"column":67}}]},"2":{"type":"branch","line":9,"loc":{"start":{"line":9,"column":17},"end":{"line":9,"column":96}},"locations":[{"start":{"line":9,"column":17},"end":{"line":9,"column":96}}]},"3":{"type":"branch","line":11,"loc":{"start":{"line":11,"column":16},"end":{"line":20,"column":2}},"locations":[{"start":{"line":11,"column":16},"end":{"line":20,"column":2}}]}},"b":{"0":[2],"1":[2],"2":[2],"3":[1]},"fnMap":{"0":{"name":"getFullPath","decl":{"start":{"line":7,"column":21},"end":{"line":7,"column":71}},"loc":{"start":{"line":7,"column":21},"end":{"line":7,"column":71}},"line":7},"1":{"name":"extractFormat","decl":{"start":{"line":8,"column":23},"end":{"line":8,"column":67}},"loc":{"start":{"line":8,"column":23},"end":{"line":8,"column":67}},"line":8},"2":{"name":"getData","decl":{"start":{"line":9,"column":17},"end":{"line":9,"column":96}},"loc":{"start":{"line":9,"column":17},"end":{"line":9,"column":96}},"line":9},"3":{"name":"gendiff","decl":{"start":{"line":11,"column":16},"end":{"line":20,"column":2}},"loc":{"start":{"line":11,"column":16},"end":{"line":20,"column":2}},"line":11}},"f":{"0":2,"1":2,"2":2,"3":1}}
,"/Users/igorgrammatchikov/Desktop/frontend-project-lvl2/src/parsers.js": {"path":"/Users/igorgrammatchikov/Desktop/frontend-project-lvl2/src/parsers.js","all":false,"statementMap":{"0":{"start":{"line":1,"column":0},"end":{"line":1,"column":27}},"1":{"start":{"line":2,"column":0},"end":{"line":2,"column":0}},"2":{"start":{"line":3,"column":0},"end":{"line":3,"column":17}},"3":{"start":{"line":4,"column":0},"end":{"line":4,"column":19}},"4":{"start":{"line":5,"column":0},"end":{"line":5,"column":18}},"5":{"start":{"line":6,"column":0},"end":{"line":6,"column":17}},"6":{"start":{"line":7,"column":0},"end":{"line":7,"column":2}},"7":{"start":{"line":8,"column":0},"end":{"line":8,"column":0}},"8":{"start":{"line":9,"column":0},"end":{"line":9,"column":55}}},"s":{"0":1,"1":1,"2":1,"3":1,"4":1,"5":1,"6":1,"7":1,"8":1},"branchMap":{"0":{"type":"branch","line":9,"loc":{"start":{"line":9,"column":15},"end":{"line":9,"column":54}},"locations":[{"start":{"line":9,"column":15},"end":{"line":9,"column":54}}]}},"b":{"0":[2]},"fnMap":{"0":{"name":"default","decl":{"start":{"line":9,"column":15},"end":{"line":9,"column":54}},"loc":{"start":{"line":9,"column":15},"end":{"line":9,"column":54}},"line":9}},"f":{"0":2}}
,"/Users/igorgrammatchikov/Desktop/frontend-project-lvl2/src/stylish.js": {"path":"/Users/igorgrammatchikov/Desktop/frontend-project-lvl2/src/stylish.js","all":false,"statementMap":{"0":{"start":{"line":1,"column":0},"end":{"line":1,"column":23}},"1":{"start":{"line":2,"column":0},"end":{"line":2,"column":0}},"2":{"start":{"line":3,"column":0},"end":{"line":3,"column":43}},"3":{"start":{"line":4,"column":0},"end":{"line":4,"column":18}},"4":{"start":{"line":5,"column":0},"end":{"line":5,"column":26}},"5":{"start":{"line":6,"column":0},"end":{"line":6,"column":56}},"6":{"start":{"line":7,"column":0},"end":{"line":7,"column":2}},"7":{"start":{"line":8,"column":0},"end":{"line":8,"column":0}},"8":{"start":{"line":9,"column":0},"end":{"line":9,"column":33}},"9":{"start":{"line":10,"column":0},"end":{"line":10,"column":34}},"10":{"start":{"line":11,"column":0},"end":{"line":11,"column":24}},"11":{"start":{"line":12,"column":0},"end":{"line":12,"column":21}},"12":{"start":{"line":13,"column":0},"end":{"line":13,"column":64}},"13":{"start":{"line":14,"column":0},"end":{"line":14,"column":23}},"14":{"start":{"line":15,"column":0},"end":{"line":15,"column":64}},"15":{"start":{"line":16,"column":0},"end":{"line":16,"column":21}},"16":{"start":{"line":17,"column":0},"end":{"line":17,"column":112}},"17":{"start":{"line":18,"column":0},"end":{"line":18,"column":19}},"18":{"start":{"line":19,"column":0},"end":{"line":19,"column":64}},"19":{"start":{"line":20,"column":0},"end":{"line":20,"column":20}},"20":{"start":{"line":21,"column":0},"end":{"line":21,"column":139}},"21":{"start":{"line":22,"column":0},"end":{"line":22,"column":60}},"22":{"start":{"line":23,"column":0},"end":{"line":23,"column":5}},"23":{"start":{"line":24,"column":0},"end":{"line":24,"column":4}},"24":{"start":{"line":25,"column":0},"end":{"line":25,"column":0}},"25":{"start":{"line":26,"column":0},"end":{"line":26,"column":28}},"26":{"start":{"line":27,"column":0},"end":{"line":27,"column":2}},"27":{"start":{"line":28,"column":0},"end":{"line":28,"column":0}},"28":{"start":{"line":29,"column":0},"end":{"line":29,"column":27}},"29":{"start":{"line":30,"column":0},"end":{"line":30,"column":20}},"30":{"start":{"line":31,"column":0},"end":{"line":31,"column":26}},"31":{"start":{"line":32,"column":0},"end":{"line":32,"column":0}},"32":{"start":{"line":33,"column":0},"end":{"line":33,"column":28}},"33":{"start":{"line":34,"column":0},"end":{"line":34,"column":29}},"34":{"start":{"line":35,"column":0},"end":{"line":35,"column":8}},"35":{"start":{"line":36,"column":0},"end":{"line":36,"column":28}},"36":{"start":{"line":37,"column":0},"end":{"line":37,"column":48}},"37":{"start":{"line":38,"column":0},"end":{"line":38,"column":2}},"38":{"start":{"line":39,"column":0},"end":{"line":39,"column":0}},"39":{"start":{"line":40,"column":0},"end":{"line":40,"column":23}}},"s":{"0":1,"1":1,"2":1,"3":7,"4":7,"5":7,"6":7,"7":1,"8":1,"9":1,"10":4,"11":4,"12":0,"13":4,"14":1,"15":4,"16":2,"17":4,"18":0,"19":4,"20":1,"21":4,"22":4,"23":1,"24":1,"25":1,"26":1,"27":1,"28":1,"29":1,"30":1,"31":1,"32":1,"33":1,"34":1,"35":1,"36":1,"37":1,"38":1,"39":1},"branchMap":{"0":{"type":"branch","line":3,"loc":{"start":{"line":3,"column":15},"end":{"line":7,"column":2}},"locations":[{"start":{"line":3,"column":15},"end":{"line":7,"column":2}}]},"1":{"type":"branch","line":9,"loc":{"start":{"line":9,"column":19},"end":{"line":27,"column":2}},"locations":[{"start":{"line":9,"column":19},"end":{"line":27,"column":2}}]},"2":{"type":"branch","line":10,"loc":{"start":{"line":10,"column":16},"end":{"line":24,"column":3}},"locations":[{"start":{"line":10,"column":16},"end":{"line":24,"column":3}}]},"3":{"type":"branch","line":12,"loc":{"start":{"line":12,"column":6},"end":{"line":13,"column":64}},"locations":[{"start":{"line":12,"column":6},"end":{"line":13,"column":64}}]},"4":{"type":"branch","line":14,"loc":{"start":{"line":14,"column":6},"end":{"line":15,"column":64}},"locations":[{"start":{"line":14,"column":6},"end":{"line":15,"column":64}}]},"5":{"type":"branch","line":16,"loc":{"start":{"line":16,"column":6},"end":{"line":17,"column":112}},"locations":[{"start":{"line":16,"column":6},"end":{"line":17,"column":112}}]},"6":{"type":"branch","line":18,"loc":{"start":{"line":18,"column":6},"end":{"line":19,"column":64}},"locations":[{"start":{"line":18,"column":6},"end":{"line":19,"column":64}}]},"7":{"type":"branch","line":20,"loc":{"start":{"line":20,"column":6},"end":{"line":21,"column":139}},"locations":[{"start":{"line":20,"column":6},"end":{"line":21,"column":139}}]},"8":{"type":"branch","line":22,"loc":{"start":{"line":22,"column":6},"end":{"line":22,"column":60}},"locations":[{"start":{"line":22,"column":6},"end":{"line":22,"column":60}}]},"9":{"type":"branch","line":21,"loc":{"start":{"line":21,"column":94},"end":{"line":21,"column":125}},"locations":[{"start":{"line":21,"column":94},"end":{"line":21,"column":125}}]},"10":{"type":"branch","line":29,"loc":{"start":{"line":29,"column":17},"end":{"line":38,"column":2}},"locations":[{"start":{"line":29,"column":17},"end":{"line":38,"column":2}}]},"11":{"type":"branch","line":37,"loc":{"start":{"line":37,"column":10},"end":{"line":37,"column":34}},"locations":[{"start":{"line":37,"column":10},"end":{"line":37,"column":34}}]}},"b":{"0":[7],"1":[1],"2":[4],"3":[0],"4":[1],"5":[2],"6":[0],"7":[1],"8":[0],"9":[3],"10":[1],"11":[1]},"fnMap":{"0":{"name":"indent","decl":{"start":{"line":3,"column":15},"end":{"line":7,"column":2}},"loc":{"start":{"line":3,"column":15},"end":{"line":7,"column":2}},"line":3},"1":{"name":"stringify","decl":{"start":{"line":9,"column":19},"end":{"line":27,"column":2}},"loc":{"start":{"line":9,"column":19},"end":{"line":27,"column":2}},"line":9},"2":{"name":"inner","decl":{"start":{"line":10,"column":16},"end":{"line":24,"column":3}},"loc":{"start":{"line":10,"column":16},"end":{"line":24,"column":3}},"line":10},"3":{"name":"stylish","decl":{"start":{"line":29,"column":17},"end":{"line":38,"column":2}},"loc":{"start":{"line":29,"column":17},"end":{"line":38,"column":2}},"line":29}},"f":{"0":7,"1":1,"2":4,"3":1}}
,"/Users/igorgrammatchikov/Desktop/frontend-project-lvl2/src/treeBuilder.js": {"path":"/Users/igorgrammatchikov/Desktop/frontend-project-lvl2/src/treeBuilder.js","all":false,"statementMap":{"0":{"start":{"line":1,"column":0},"end":{"line":1,"column":23}},"1":{"start":{"line":2,"column":0},"end":{"line":2,"column":0}},"2":{"start":{"line":3,"column":0},"end":{"line":3,"column":37}},"3":{"start":{"line":4,"column":0},"end":{"line":4,"column":62}},"4":{"start":{"line":5,"column":0},"end":{"line":5,"column":13}},"5":{"start":{"line":6,"column":0},"end":{"line":6,"column":27}},"6":{"start":{"line":7,"column":0},"end":{"line":7,"column":69}},"7":{"start":{"line":8,"column":0},"end":{"line":8,"column":82}},"8":{"start":{"line":9,"column":0},"end":{"line":9,"column":5}},"9":{"start":{"line":10,"column":0},"end":{"line":10,"column":77}},"10":{"start":{"line":11,"column":0},"end":{"line":11,"column":79}},"11":{"start":{"line":12,"column":0},"end":{"line":12,"column":0}},"12":{"start":{"line":13,"column":0},"end":{"line":13,"column":45}},"13":{"start":{"line":14,"column":0},"end":{"line":14,"column":14}},"14":{"start":{"line":15,"column":0},"end":{"line":15,"column":69}},"15":{"start":{"line":16,"column":0},"end":{"line":16,"column":8}},"16":{"start":{"line":17,"column":0},"end":{"line":17,"column":5}},"17":{"start":{"line":18,"column":0},"end":{"line":18,"column":57}},"18":{"start":{"line":19,"column":0},"end":{"line":19,"column":5}},"19":{"start":{"line":20,"column":0},"end":{"line":20,"column":2}},"20":{"start":{"line":21,"column":0},"end":{"line":21,"column":0}},"21":{"start":{"line":22,"column":0},"end":{"line":22,"column":25}}},"s":{"0":1,"1":1,"2":1,"3":2,"4":2,"5":2,"6":4,"7":1,"8":1,"9":4,"10":4,"11":3,"12":4,"13":2,"14":2,"15":2,"16":2,"17":1,"18":2,"19":2,"20":1,"21":1},"branchMap":{"0":{"type":"branch","line":3,"loc":{"start":{"line":3,"column":18},"end":{"line":20,"column":2}},"locations":[{"start":{"line":3,"column":18},"end":{"line":20,"column":2}}]},"1":{"type":"branch","line":6,"loc":{"start":{"line":6,"column":18},"end":{"line":19,"column":3}},"locations":[{"start":{"line":6,"column":18},"end":{"line":19,"column":3}}]},"2":{"type":"branch","line":7,"loc":{"start":{"line":7,"column":35},"end":{"line":7,"column":66}},"locations":[{"start":{"line":7,"column":35},"end":{"line":7,"column":66}}]},"3":{"type":"branch","line":7,"loc":{"start":{"line":7,"column":68},"end":{"line":9,"column":5}},"locations":[{"start":{"line":7,"column":68},"end":{"line":9,"column":5}}]},"4":{"type":"branch","line":9,"loc":{"start":{"line":9,"column":4},"end":{"line":10,"column":28}},"locations":[{"start":{"line":9,"column":4},"end":{"line":10,"column":28}}]},"5":{"type":"branch","line":10,"loc":{"start":{"line":10,"column":28},"end":{"line":10,"column":77}},"locations":[{"start":{"line":10,"column":28},"end":{"line":10,"column":77}}]},"6":{"type":"branch","line":10,"loc":{"start":{"line":10,"column":76},"end":{"line":11,"column":28}},"locations":[{"start":{"line":10,"column":76},"end":{"line":11,"column":28}}]},"7":{"type":"branch","line":11,"loc":{"start":{"line":11,"column":28},"end":{"line":11,"column":79}},"locations":[{"start":{"line":11,"column":28},"end":{"line":11,"column":79}}]},"8":{"type":"branch","line":11,"loc":{"start":{"line":11,"column":78},"end":{"line":13,"column":44}},"locations":[{"start":{"line":11,"column":78},"end":{"line":13,"column":44}}]},"9":{"type":"branch","line":13,"loc":{"start":{"line":13,"column":44},"end":{"line":17,"column":5}},"locations":[{"start":{"line":13,"column":44},"end":{"line":17,"column":5}}]},"10":{"type":"branch","line":17,"loc":{"start":{"line":17,"column":4},"end":{"line":19,"column":3}},"locations":[{"start":{"line":17,"column":4},"end":{"line":19,"column":3}}]}},"b":{"0":[2],"1":[4],"2":[2],"3":[1],"4":[3],"5":[0],"6":[3],"7":[0],"8":[3],"9":[2],"10":[1]},"fnMap":{"0":{"name":"buildTree","decl":{"start":{"line":3,"column":18},"end":{"line":20,"column":2}},"loc":{"start":{"line":3,"column":18},"end":{"line":20,"column":2}},"line":3}},"f":{"0":2}}
}
