TN:
SF:src/index.js
FN:7,getFullPath
FN:8,extractFormat
FN:9,getData
FN:11,gendiff
FNF:4
FNH:4
FNDA:2,getFullPath
FNDA:2,extractFormat
FNDA:2,getData
FNDA:1,gendiff
DA:1,1
DA:2,1
DA:3,1
DA:4,1
DA:5,1
DA:6,1
DA:7,1
DA:8,1
DA:9,1
DA:10,1
DA:11,1
DA:12,1
DA:13,1
DA:14,1
DA:15,1
DA:16,1
DA:17,1
DA:18,1
DA:19,1
DA:20,1
DA:21,1
LF:21
LH:21
BRDA:7,0,0,2
BRDA:8,1,0,2
BRDA:9,2,0,2
BRDA:11,3,0,1
BRF:4
BRH:4
end_of_record
TN:
SF:src/parsers.js
FN:9,default
FNF:1
FNH:1
FNDA:2,default
DA:1,1
DA:2,1
DA:3,1
DA:4,1
DA:5,1
DA:6,1
DA:7,1
DA:8,1
DA:9,1
LF:9
LH:9
BRDA:9,0,0,2
BRF:1
BRH:1
end_of_record
TN:
SF:src/stylish.js
FN:3,indent
FN:9,stringify
FN:10,inner
FN:29,stylish
FNF:4
FNH:4
FNDA:7,indent
FNDA:1,stringify
FNDA:4,inner
FNDA:1,stylish
DA:1,1
DA:2,1
DA:3,1
DA:4,7
DA:5,7
DA:6,7
DA:7,7
DA:8,1
DA:9,1
DA:10,1
DA:11,4
DA:12,4
DA:13,0
DA:14,4
DA:15,1
DA:16,4
DA:17,2
DA:18,4
DA:19,0
DA:20,4
DA:21,1
DA:22,4
DA:23,4
DA:24,1
DA:25,1
DA:26,1
DA:27,1
DA:28,1
DA:29,1
DA:30,1
DA:31,1
DA:32,1
DA:33,1
DA:34,1
DA:35,1
DA:36,1
DA:37,1
DA:38,1
DA:39,1
DA:40,1
LF:40
LH:38
BRDA:3,0,0,7
BRDA:9,1,0,1
BRDA:10,2,0,4
BRDA:12,3,0,0
BRDA:14,4,0,1
BRDA:16,5,0,2
BRDA:18,6,0,0
BRDA:20,7,0,1
BRDA:22,8,0,0
BRDA:21,9,0,3
BRDA:29,10,0,1
BRDA:37,11,0,1
BRF:12
BRH:9
end_of_record
TN:
SF:src/treeBuilder.js
FN:3,buildTree
FNF:1
FNH:1
FNDA:2,buildTree
DA:1,1
DA:2,1
DA:3,1
DA:4,2
DA:5,2
DA:6,2
DA:7,4
DA:8,1
DA:9,1
DA:10,4
DA:11,4
DA:12,3
DA:13,4
DA:14,2
DA:15,2
DA:16,2
DA:17,2
DA:18,1
DA:19,2
DA:20,2
DA:21,1
DA:22,1
LF:22
LH:22
BRDA:3,0,0,2
BRDA:6,1,0,4
BRDA:7,2,0,2
BRDA:7,3,0,1
BRDA:9,4,0,3
BRDA:10,5,0,0
BRDA:10,6,0,3
BRDA:11,7,0,0
BRDA:11,8,0,3
BRDA:13,9,0,2
BRDA:17,10,0,1
BRF:11
BRH:9
end_of_record
